
Showing logs for build [32mcb-kubecd-environment-pr-73-1-b-g5bn4-1[0m stage [32mfrom-build-pack[0m and container [32mstep-credential-initializer-jqdcm[0m
{"level":"warn","ts":1574360474.1232948,"logger":"fallback-logger","caller":"logging/config.go:69","msg":"Fetch GitHub commit ID from kodata failed: \"ref: refs/heads/master\" is not a valid GitHub commit ID"}
{"level":"info","ts":1574360474.1240542,"logger":"fallback-logger","caller":"creds-init/main.go:40","msg":"Credentials initialized."}

Showing logs for build [32mcb-kubecd-environment-pr-73-1-b-g5bn4-1[0m stage [32mfrom-build-pack[0m and container [32mstep-working-dir-initializer-9qwff[0m
{"level":"warn","ts":1574360475.8776817,"logger":"fallback-logger","caller":"logging/config.go:69","msg":"Fetch GitHub commit ID from kodata failed: open /var/run/ko/HEAD: no such file or directory"}
{"level":"info","ts":1574360475.8909106,"logger":"fallback-logger","caller":"bash/main.go:65","msg":"Successfully executed command \"mkdir -p /workspace/source\""}

Showing logs for build [32mcb-kubecd-environment-pr-73-1-b-g5bn4-1[0m stage [32mfrom-build-pack[0m and container [32mstep-place-tools[0m

Showing logs for build [32mcb-kubecd-environment-pr-73-1-b-g5bn4-1[0m stage [32mfrom-build-pack[0m and container [32mstep-git-source-cb-kubecd-environment-pr-73-1-b-67zkq[0m
{"level":"warn","ts":1574360481.9267309,"logger":"fallback-logger","caller":"logging/config.go:69","msg":"Fetch GitHub commit ID from kodata failed: \"ref: refs/heads/master\" is not a valid GitHub commit ID"}
{"level":"info","ts":1574360483.682607,"logger":"fallback-logger","caller":"git/git.go:102","msg":"Successfully cloned https://github.com/cb-kubecd/environment-pr-73-1-boot-gke-staging.git @ master in path /workspace/source"}

Showing logs for build [32mcb-kubecd-environment-pr-73-1-b-g5bn4-1[0m stage [32mfrom-build-pack[0m and container [32mstep-git-merge[0m
Using SHAs from PULL_REFS=master:a5063150440095cfaf87ab3e295a68173b41a1b6,4:211509e41d420b8664cbdbb24d0b5e64be2ab142
DEBUG: ran git fetch --unshallow origin 211509e41d420b8664cbdbb24d0b5e64be2ab142: a5063150440095cfaf87ab3e295a68173b41a1b6: in 
DEBUG: ran git checkout master in 
DEBUG: ran git reset --hard a5063150440095cfaf87ab3e295a68173b41a1b6 in 
DEBUG: ran clean --force -d . in 
DEBUG: ran git merge 211509e41d420b8664cbdbb24d0b5e64be2ab142 in 
Merged SHA 211509e41d420b8664cbdbb24d0b5e64be2ab142 with commit message 'chore: Promote bdd-nh-1574358776 to version 0.0.1' into base branch master

Showing logs for build [32mcb-kubecd-environment-pr-73-1-b-g5bn4-1[0m stage [32mfrom-build-pack[0m and container [32mstep-build-helm-build[0m
WARNING: No $CHART_REPOSITORY defined so using the default value of: http://jenkins-x-chartmuseum:8080
Adding missing Helm repo: storage.googleapis.com https://storage.googleapis.com/chartmuseum.jenkins-x.io
Read credentials for https://storage.googleapis.com/chartmuseum.jenkins-x.io from vault helm/repos
Successfully added Helm repository storage.googleapis.com.
Adding missing Helm repo: jenkins-x-chartmuseum http://jenkins-x-chartmuseum:8080
Read credentials for http://jenkins-x-chartmuseum:8080 from vault helm/repos
Successfully added Helm repository jenkins-x-chartmuseum.
WARNING: No $CHART_REPOSITORY defined so using the default value of: http://jenkins-x-chartmuseum:8080
Adding missing Helm repo: chartmuseum.jenkins-x.io http://chartmuseum.jenkins-x.io
Read credentials for http://chartmuseum.jenkins-x.io from vault helm/repos
Successfully added Helm repository chartmuseum.jenkins-x.io.
