
Showing logs for build [32mcb-kubecd-environment-pr-73-1-b-qnppb-1[0m stage [32mfrom-build-pack[0m and container [32mstep-credential-initializer-9t84z[0m
{"level":"warn","ts":1574359927.1772,"logger":"fallback-logger","caller":"logging/config.go:69","msg":"Fetch GitHub commit ID from kodata failed: \"ref: refs/heads/master\" is not a valid GitHub commit ID"}
{"level":"info","ts":1574359927.178247,"logger":"fallback-logger","caller":"creds-init/main.go:40","msg":"Credentials initialized."}

Showing logs for build [32mcb-kubecd-environment-pr-73-1-b-qnppb-1[0m stage [32mfrom-build-pack[0m and container [32mstep-working-dir-initializer-wscjq[0m
{"level":"warn","ts":1574359928.377444,"logger":"fallback-logger","caller":"logging/config.go:69","msg":"Fetch GitHub commit ID from kodata failed: open /var/run/ko/HEAD: no such file or directory"}
{"level":"info","ts":1574359928.3875587,"logger":"fallback-logger","caller":"bash/main.go:65","msg":"Successfully executed command \"mkdir -p /workspace/source\""}

Showing logs for build [32mcb-kubecd-environment-pr-73-1-b-qnppb-1[0m stage [32mfrom-build-pack[0m and container [32mstep-place-tools[0m

Showing logs for build [32mcb-kubecd-environment-pr-73-1-b-qnppb-1[0m stage [32mfrom-build-pack[0m and container [32mstep-git-source-cb-kubecd-environment-pr-73-1-b-pb99m[0m
{"level":"warn","ts":1574359933.4440632,"logger":"fallback-logger","caller":"logging/config.go:69","msg":"Fetch GitHub commit ID from kodata failed: \"ref: refs/heads/master\" is not a valid GitHub commit ID"}
{"level":"info","ts":1574359935.1930254,"logger":"fallback-logger","caller":"git/git.go:102","msg":"Successfully cloned https://github.com/cb-kubecd/environment-pr-73-1-boot-gke-staging.git @ master in path /workspace/source"}

Showing logs for build [32mcb-kubecd-environment-pr-73-1-b-qnppb-1[0m stage [32mfrom-build-pack[0m and container [32mstep-git-merge[0m
Using SHAs from PULL_REFS=master:e6183f1310128de5e4c589c3e8e1cd53e487e646,3:8036eb8da9078bde1814e7789510b2e9726f3a56
DEBUG: ran git fetch --unshallow origin 8036eb8da9078bde1814e7789510b2e9726f3a56: e6183f1310128de5e4c589c3e8e1cd53e487e646: in 
DEBUG: ran git checkout master in 
DEBUG: ran git reset --hard e6183f1310128de5e4c589c3e8e1cd53e487e646 in 
DEBUG: ran clean --force -d . in 
DEBUG: ran git merge 8036eb8da9078bde1814e7789510b2e9726f3a56 in 
Merged SHA 8036eb8da9078bde1814e7789510b2e9726f3a56 with commit message 'chore: Promote bdd-gh-1574358776 to version 0.0.1' into base branch master

Showing logs for build [32mcb-kubecd-environment-pr-73-1-b-qnppb-1[0m stage [32mfrom-build-pack[0m and container [32mstep-build-helm-build[0m
WARNING: No $CHART_REPOSITORY defined so using the default value of: http://jenkins-x-chartmuseum:8080
Adding missing Helm repo: storage.googleapis.com https://storage.googleapis.com/chartmuseum.jenkins-x.io
Read credentials for https://storage.googleapis.com/chartmuseum.jenkins-x.io from vault helm/repos
Successfully added Helm repository storage.googleapis.com.
Adding missing Helm repo: jenkins-x-chartmuseum http://jenkins-x-chartmuseum:8080
Read credentials for http://jenkins-x-chartmuseum:8080 from vault helm/repos
Successfully added Helm repository jenkins-x-chartmuseum.
WARNING: No $CHART_REPOSITORY defined so using the default value of: http://jenkins-x-chartmuseum:8080
Adding missing Helm repo: chartmuseum.jenkins-x.io http://chartmuseum.jenkins-x.io
Read credentials for http://chartmuseum.jenkins-x.io from vault helm/repos
Successfully added Helm repository chartmuseum.jenkins-x.io.
