
Showing logs for build [32mcb-kubecd-environment-pr-73-1-b-d76xf-1[0m stage [32mfrom-build-pack[0m and container [32mstep-credential-initializer-xb4gn[0m
{"level":"warn","ts":1574360998.3808832,"logger":"fallback-logger","caller":"logging/config.go:69","msg":"Fetch GitHub commit ID from kodata failed: \"ref: refs/heads/master\" is not a valid GitHub commit ID"}
{"level":"info","ts":1574360998.381696,"logger":"fallback-logger","caller":"creds-init/main.go:40","msg":"Credentials initialized."}

Showing logs for build [32mcb-kubecd-environment-pr-73-1-b-d76xf-1[0m stage [32mfrom-build-pack[0m and container [32mstep-working-dir-initializer-llj5d[0m
{"level":"warn","ts":1574360999.7724164,"logger":"fallback-logger","caller":"logging/config.go:69","msg":"Fetch GitHub commit ID from kodata failed: open /var/run/ko/HEAD: no such file or directory"}
{"level":"info","ts":1574360999.7746918,"logger":"fallback-logger","caller":"bash/main.go:65","msg":"Successfully executed command \"mkdir -p /workspace/source\""}

Showing logs for build [32mcb-kubecd-environment-pr-73-1-b-d76xf-1[0m stage [32mfrom-build-pack[0m and container [32mstep-place-tools[0m

Showing logs for build [32mcb-kubecd-environment-pr-73-1-b-d76xf-1[0m stage [32mfrom-build-pack[0m and container [32mstep-git-source-cb-kubecd-environment-pr-73-1-b-89fg9[0m
{"level":"warn","ts":1574361004.938348,"logger":"fallback-logger","caller":"logging/config.go:69","msg":"Fetch GitHub commit ID from kodata failed: \"ref: refs/heads/master\" is not a valid GitHub commit ID"}
{"level":"info","ts":1574361006.0073235,"logger":"fallback-logger","caller":"git/git.go:102","msg":"Successfully cloned https://github.com/cb-kubecd/environment-pr-73-1-boot-gke-staging.git @ master in path /workspace/source"}

Showing logs for build [32mcb-kubecd-environment-pr-73-1-b-d76xf-1[0m stage [32mfrom-build-pack[0m and container [32mstep-git-merge[0m
Using SHAs from PULL_REFS=master:526603213286d9ad7ce5e9646e41cf9710c86354,5:97576eeb29802a9c7972da86ef313748102d1387
DEBUG: ran git fetch --unshallow origin 97576eeb29802a9c7972da86ef313748102d1387: 526603213286d9ad7ce5e9646e41cf9710c86354: in 
DEBUG: ran git checkout master in 
DEBUG: ran git reset --hard 526603213286d9ad7ce5e9646e41cf9710c86354 in 
DEBUG: ran clean --force -d . in 
DEBUG: ran git merge 97576eeb29802a9c7972da86ef313748102d1387 in 
Merged SHA 97576eeb29802a9c7972da86ef313748102d1387 with commit message 'chore: Promote bdd-nh-import-1574360865 to version 0.0.1' into base branch master

Showing logs for build [32mcb-kubecd-environment-pr-73-1-b-d76xf-1[0m stage [32mfrom-build-pack[0m and container [32mstep-build-helm-build[0m
WARNING: No $CHART_REPOSITORY defined so using the default value of: http://jenkins-x-chartmuseum:8080
Adding missing Helm repo: storage.googleapis.com https://storage.googleapis.com/chartmuseum.jenkins-x.io
Read credentials for https://storage.googleapis.com/chartmuseum.jenkins-x.io from vault helm/repos
Successfully added Helm repository storage.googleapis.com.
Adding missing Helm repo: jenkins-x-chartmuseum http://jenkins-x-chartmuseum:8080
Read credentials for http://jenkins-x-chartmuseum:8080 from vault helm/repos
Successfully added Helm repository jenkins-x-chartmuseum.
WARNING: No $CHART_REPOSITORY defined so using the default value of: http://jenkins-x-chartmuseum:8080
Adding missing Helm repo: chartmuseum.jenkins-x.io http://chartmuseum.jenkins-x.io
Read credentials for http://chartmuseum.jenkins-x.io from vault helm/repos
Successfully added Helm repository chartmuseum.jenkins-x.io.
